<?xml version="1.0" encoding="UTF-8"?>
<!-- Generated by org.testng.reporters.JUnitReportReporter -->
<testsuite hostname="DESKTOP-BM32J9M" failures="0" tests="4" name="api.testcases.UserTest" time="10.831" errors="0" timestamp="2024-10-10T11:30:53 IST" skipped="0">
  <testcase classname="api.testcases.UserTest" name="testCreateUser" time="5.950"/>
  <testcase classname="api.testcases.UserTest" name="testGetUserData" time="1.186"/>
  <testcase classname="api.testcases.UserTest" name="testUpdateUser" time="2.263"/>
  <testcase classname="api.testcases.UserTest" name="testDeleteUser" time="1.432"/>
</testsuite> <!-- api.testcases.UserTest -->
